<?xml version="1.0" encoding="UTF-8"?>
<!-- Generated by org.testng.reporters.JUnitReportReporter -->
<testsuite hostname="Satyam" failures="0" tests="1" name="Runner.Run" time="64.246" errors="0" timestamp="2021-02-25T13:44:45 IST" skipped="0">
  <testcase classname="Runner.Run" name="runScenario" time="64.246"/>
  <system-out/>
</testsuite> <!-- Runner.Run -->
